03-Jun-2024 01:12:07.685 정보 [main] org.apache.catalina.startup.VersionLoggerListener.log 서버 버전 이름:    Apache Tomcat/10.1.24
03-Jun-2024 01:12:07.688 정보 [main] org.apache.catalina.startup.VersionLoggerListener.log Server 빌드 시각:  May 9 2024 17:41:23 UTC
03-Jun-2024 01:12:07.688 정보 [main] org.apache.catalina.startup.VersionLoggerListener.log Server 버전 번호:  10.1.24.0
03-Jun-2024 01:12:07.688 정보 [main] org.apache.catalina.startup.VersionLoggerListener.log 운영체제 이름:     Mac OS X
03-Jun-2024 01:12:07.688 정보 [main] org.apache.catalina.startup.VersionLoggerListener.log 운영체제 버전:     14.4.1
03-Jun-2024 01:12:07.688 정보 [main] org.apache.catalina.startup.VersionLoggerListener.log 아키텍처:          aarch64
03-Jun-2024 01:12:07.688 정보 [main] org.apache.catalina.startup.VersionLoggerListener.log 자바 홈:           /Users/kimyoungjun/Library/Java/JavaVirtualMachines/corretto-17.0.9/Contents/Home
03-Jun-2024 01:12:07.688 정보 [main] org.apache.catalina.startup.VersionLoggerListener.log JVM 버전:          17.0.9+8-LTS
03-Jun-2024 01:12:07.688 정보 [main] org.apache.catalina.startup.VersionLoggerListener.log JVM 벤더:          Amazon.com Inc.
03-Jun-2024 01:12:07.688 정보 [main] org.apache.catalina.startup.VersionLoggerListener.log CATALINA_BASE:     /Users/kimyoungjun/Squeak 복사본(6.2-가입만 분리)
03-Jun-2024 01:12:07.688 정보 [main] org.apache.catalina.startup.VersionLoggerListener.log CATALINA_HOME:     /Users/kimyoungjun/Desktop/Coding/Busan/jsp/apache-tomcat-10.1.24
03-Jun-2024 01:12:07.696 정보 [main] org.apache.catalina.startup.VersionLoggerListener.log 명령 행 아규먼트:  --add-opens=java.base/java.lang=ALL-UNNAMED
03-Jun-2024 01:12:07.696 정보 [main] org.apache.catalina.startup.VersionLoggerListener.log 명령 행 아규먼트:  --add-opens=java.base/java.io=ALL-UNNAMED
03-Jun-2024 01:12:07.696 정보 [main] org.apache.catalina.startup.VersionLoggerListener.log 명령 행 아규먼트:  --add-opens=java.base/java.util=ALL-UNNAMED
03-Jun-2024 01:12:07.696 정보 [main] org.apache.catalina.startup.VersionLoggerListener.log 명령 행 아규먼트:  --add-opens=java.base/java.util.concurrent=ALL-UNNAMED
03-Jun-2024 01:12:07.696 정보 [main] org.apache.catalina.startup.VersionLoggerListener.log 명령 행 아규먼트:  --add-opens=java.rmi/sun.rmi.transport=ALL-UNNAMED
03-Jun-2024 01:12:07.696 정보 [main] org.apache.catalina.startup.VersionLoggerListener.log 명령 행 아규먼트:  -Dcatalina.home=/Users/kimyoungjun/Desktop/Coding/Busan/jsp/apache-tomcat-10.1.24
03-Jun-2024 01:12:07.696 정보 [main] org.apache.catalina.startup.VersionLoggerListener.log 명령 행 아규먼트:  -Dcatalina.base=/Users/kimyoungjun/Squeak 복사본(6.2-가입만 분리)
03-Jun-2024 01:12:07.696 정보 [main] org.apache.catalina.startup.VersionLoggerListener.log 명령 행 아규먼트:  -Djava.io.tmpdir=/Users/kimyoungjun/Squeak 복사본(6.2-가입만 분리)/temp
03-Jun-2024 01:12:07.696 정보 [main] org.apache.catalina.startup.VersionLoggerListener.log 명령 행 아규먼트:  -Djava.util.logging.config.file=/Users/kimyoungjun/Squeak 복사본(6.2-가입만 분리)/conf/logging.properties
03-Jun-2024 01:12:07.696 정보 [main] org.apache.catalina.startup.VersionLoggerListener.log 명령 행 아규먼트:  -Djava.util.logging.manager=org.apache.juli.ClassLoaderLogManager
03-Jun-2024 01:12:07.696 정보 [main] org.apache.catalina.startup.VersionLoggerListener.log 명령 행 아규먼트:  -javaagent:/Users/kimyoungjun/Applications/IntelliJ IDEA Ultimate.app/Contents/lib/idea_rt.jar=64569:/Users/kimyoungjun/Applications/IntelliJ IDEA Ultimate.app/Contents/bin
03-Jun-2024 01:12:07.696 정보 [main] org.apache.catalina.startup.VersionLoggerListener.log 명령 행 아규먼트:  -Dfile.encoding=UTF-8
03-Jun-2024 01:12:07.701 정보 [main] org.apache.catalina.core.AprLifecycleListener.lifecycleEvent 프로덕션 환경들에서 최적의 성능을 제공하는, APR 기반 Apache Tomcat Native 라이브러리가, 다음 java.library.path에서 발견되지 않습니다: [/Users/kimyoungjun/Library/Java/Extensions:/Library/Java/Extensions:/Network/Library/Java/Extensions:/System/Library/Java/Extensions:/usr/lib/java:.]
03-Jun-2024 01:12:07.830 정보 [main] org.apache.coyote.AbstractProtocol.init 프로토콜 핸들러 ["http-nio-8080"]을(를) 초기화합니다.
03-Jun-2024 01:12:07.839 정보 [main] org.apache.catalina.startup.Catalina.load [252] 밀리초 내에 서버가 초기화되었습니다.
03-Jun-2024 01:12:07.860 정보 [main] org.apache.catalina.core.StandardService.startInternal 서비스 [Catalina]을(를) 시작합니다.
03-Jun-2024 01:12:07.860 정보 [main] org.apache.catalina.core.StandardEngine.startInternal 서버 엔진을 시작합니다: [Apache Tomcat/10.1.24]
03-Jun-2024 01:12:07.864 정보 [main] org.apache.catalina.startup.HostConfig.deployDescriptor 배치 descriptor [/Users/kimyoungjun/Squeak 복사본(6.2-가입만 분리)/conf/Catalina/localhost/ROOT.xml]을(를) 배치합니다.
03-Jun-2024 01:12:08.288 정보 [main] org.apache.jasper.servlet.TldScanner.scanJars 적어도 하나의 JAR가 TLD들을 찾기 위해 스캔되었으나 아무 것도 찾지 못했습니다. 스캔했으나 TLD가 없는 JAR들의 전체 목록을 보시려면, 로그 레벨을 디버그 레벨로 설정하십시오. 스캔 과정에서 불필요한 JAR들을 건너뛰면, 시스템 시작 시간과 JSP 컴파일 시간을 단축시킬 수 있습니다.
03-Jun-2024 01:12:08.307 정보 [main] org.apache.catalina.startup.HostConfig.deployDescriptor 배치 descriptor [/Users/kimyoungjun/Squeak 복사본(6.2-가입만 분리)/conf/Catalina/localhost/ROOT.xml]의 배치가 [442] 밀리초 내에 완료되었습니다.
03-Jun-2024 01:12:08.309 정보 [main] org.apache.coyote.AbstractProtocol.start 프로토콜 핸들러 ["http-nio-8080"]을(를) 시작합니다.
03-Jun-2024 01:12:08.314 정보 [main] org.apache.catalina.startup.Catalina.start 서버가 [475] 밀리초 내에 시작되었습니다.
03-Jun-2024 01:20:56.587 정보 [Thread-1] org.apache.coyote.AbstractProtocol.pause 프로토콜 핸들러 ["http-nio-8080"]을(를) 일시 정지 중
03-Jun-2024 01:20:56.589 정보 [Thread-1] org.apache.catalina.core.StandardService.stopInternal 서비스 [Catalina]을(를) 중지시킵니다.
03-Jun-2024 01:20:56.595 경고 [Thread-1] org.apache.catalina.loader.WebappClassLoaderBase.clearReferencesJdbc 웹 애플리케이션 [ROOT]이(가) JDBC 드라이버 [com.mysql.cj.jdbc.Driver]을(를) 등록했지만, 웹 애플리케이션이 중지될 때, 해당 JDBC 드라이버의 등록을 제거하지 못했습니다. 메모리 누수를 방지하기 위하여, 등록을 강제로 제거했습니다.
03-Jun-2024 01:20:56.595 경고 [Thread-1] org.apache.catalina.loader.WebappClassLoaderBase.clearReferencesThreads 웹 애플리케이션 [ROOT]이(가) [mysql-cj-abandoned-connection-cleanup](이)라는 이름의 쓰레드를 시작시킨 것으로 보이지만, 해당 쓰레드를 중지시키지 못했습니다. 이는 메모리 누수를 유발할 가능성이 큽니다. 해당 쓰레드의 스택 트레이스:
 java.base@17.0.9/java.lang.Object.wait(Native Method)
 java.base@17.0.9/java.lang.ref.ReferenceQueue.remove(ReferenceQueue.java:155)
 com.mysql.cj.jdbc.AbandonedConnectionCleanupThread.run(AbandonedConnectionCleanupThread.java:91)
 java.base@17.0.9/java.util.concurrent.ThreadPoolExecutor.runWorker(ThreadPoolExecutor.java:1136)
 java.base@17.0.9/java.util.concurrent.ThreadPoolExecutor$Worker.run(ThreadPoolExecutor.java:635)
 java.base@17.0.9/java.lang.Thread.run(Thread.java:840)
03-Jun-2024 01:20:56.599 정보 [Thread-1] org.apache.coyote.AbstractProtocol.stop 프로토콜 핸들러 ["http-nio-8080"]을(를) 중지시킵니다.
03-Jun-2024 01:20:56.601 정보 [Thread-1] org.apache.coyote.AbstractProtocol.destroy 프로토콜 핸들러 ["http-nio-8080"]을(를) 소멸시킵니다.
03-Jun-2024 01:20:58.237 정보 [main] org.apache.catalina.startup.VersionLoggerListener.log 서버 버전 이름:    Apache Tomcat/10.1.24
03-Jun-2024 01:20:58.241 정보 [main] org.apache.catalina.startup.VersionLoggerListener.log Server 빌드 시각:  May 9 2024 17:41:23 UTC
03-Jun-2024 01:20:58.241 정보 [main] org.apache.catalina.startup.VersionLoggerListener.log Server 버전 번호:  10.1.24.0
03-Jun-2024 01:20:58.241 정보 [main] org.apache.catalina.startup.VersionLoggerListener.log 운영체제 이름:     Mac OS X
03-Jun-2024 01:20:58.241 정보 [main] org.apache.catalina.startup.VersionLoggerListener.log 운영체제 버전:     14.4.1
03-Jun-2024 01:20:58.241 정보 [main] org.apache.catalina.startup.VersionLoggerListener.log 아키텍처:          aarch64
03-Jun-2024 01:20:58.241 정보 [main] org.apache.catalina.startup.VersionLoggerListener.log 자바 홈:           /Users/kimyoungjun/Library/Java/JavaVirtualMachines/corretto-17.0.9/Contents/Home
03-Jun-2024 01:20:58.241 정보 [main] org.apache.catalina.startup.VersionLoggerListener.log JVM 버전:          17.0.9+8-LTS
03-Jun-2024 01:20:58.241 정보 [main] org.apache.catalina.startup.VersionLoggerListener.log JVM 벤더:          Amazon.com Inc.
03-Jun-2024 01:20:58.241 정보 [main] org.apache.catalina.startup.VersionLoggerListener.log CATALINA_BASE:     /Users/kimyoungjun/Squeak 복사본(6.2-가입만 분리)
03-Jun-2024 01:20:58.241 정보 [main] org.apache.catalina.startup.VersionLoggerListener.log CATALINA_HOME:     /Users/kimyoungjun/Desktop/Coding/Busan/jsp/apache-tomcat-10.1.24
03-Jun-2024 01:20:58.248 정보 [main] org.apache.catalina.startup.VersionLoggerListener.log 명령 행 아규먼트:  --add-opens=java.base/java.lang=ALL-UNNAMED
03-Jun-2024 01:20:58.248 정보 [main] org.apache.catalina.startup.VersionLoggerListener.log 명령 행 아규먼트:  --add-opens=java.base/java.io=ALL-UNNAMED
03-Jun-2024 01:20:58.248 정보 [main] org.apache.catalina.startup.VersionLoggerListener.log 명령 행 아규먼트:  --add-opens=java.base/java.util=ALL-UNNAMED
03-Jun-2024 01:20:58.249 정보 [main] org.apache.catalina.startup.VersionLoggerListener.log 명령 행 아규먼트:  --add-opens=java.base/java.util.concurrent=ALL-UNNAMED
03-Jun-2024 01:20:58.249 정보 [main] org.apache.catalina.startup.VersionLoggerListener.log 명령 행 아규먼트:  --add-opens=java.rmi/sun.rmi.transport=ALL-UNNAMED
03-Jun-2024 01:20:58.249 정보 [main] org.apache.catalina.startup.VersionLoggerListener.log 명령 행 아규먼트:  -Dcatalina.home=/Users/kimyoungjun/Desktop/Coding/Busan/jsp/apache-tomcat-10.1.24
03-Jun-2024 01:20:58.249 정보 [main] org.apache.catalina.startup.VersionLoggerListener.log 명령 행 아규먼트:  -Dcatalina.base=/Users/kimyoungjun/Squeak 복사본(6.2-가입만 분리)
03-Jun-2024 01:20:58.249 정보 [main] org.apache.catalina.startup.VersionLoggerListener.log 명령 행 아규먼트:  -Djava.io.tmpdir=/Users/kimyoungjun/Squeak 복사본(6.2-가입만 분리)/temp
03-Jun-2024 01:20:58.249 정보 [main] org.apache.catalina.startup.VersionLoggerListener.log 명령 행 아규먼트:  -Djava.util.logging.config.file=/Users/kimyoungjun/Squeak 복사본(6.2-가입만 분리)/conf/logging.properties
03-Jun-2024 01:20:58.249 정보 [main] org.apache.catalina.startup.VersionLoggerListener.log 명령 행 아규먼트:  -Djava.util.logging.manager=org.apache.juli.ClassLoaderLogManager
03-Jun-2024 01:20:58.249 정보 [main] org.apache.catalina.startup.VersionLoggerListener.log 명령 행 아규먼트:  -javaagent:/Users/kimyoungjun/Applications/IntelliJ IDEA Ultimate.app/Contents/lib/idea_rt.jar=65296:/Users/kimyoungjun/Applications/IntelliJ IDEA Ultimate.app/Contents/bin
03-Jun-2024 01:20:58.249 정보 [main] org.apache.catalina.startup.VersionLoggerListener.log 명령 행 아규먼트:  -Dfile.encoding=UTF-8
03-Jun-2024 01:20:58.254 정보 [main] org.apache.catalina.core.AprLifecycleListener.lifecycleEvent 프로덕션 환경들에서 최적의 성능을 제공하는, APR 기반 Apache Tomcat Native 라이브러리가, 다음 java.library.path에서 발견되지 않습니다: [/Users/kimyoungjun/Library/Java/Extensions:/Library/Java/Extensions:/Network/Library/Java/Extensions:/System/Library/Java/Extensions:/usr/lib/java:.]
03-Jun-2024 01:20:58.381 정보 [main] org.apache.coyote.AbstractProtocol.init 프로토콜 핸들러 ["http-nio-8080"]을(를) 초기화합니다.
03-Jun-2024 01:20:58.391 정보 [main] org.apache.catalina.startup.Catalina.load [257] 밀리초 내에 서버가 초기화되었습니다.
03-Jun-2024 01:20:58.408 정보 [main] org.apache.catalina.core.StandardService.startInternal 서비스 [Catalina]을(를) 시작합니다.
03-Jun-2024 01:20:58.409 정보 [main] org.apache.catalina.core.StandardEngine.startInternal 서버 엔진을 시작합니다: [Apache Tomcat/10.1.24]
03-Jun-2024 01:20:58.412 정보 [main] org.apache.catalina.startup.HostConfig.deployDescriptor 배치 descriptor [/Users/kimyoungjun/Squeak 복사본(6.2-가입만 분리)/conf/Catalina/localhost/ROOT.xml]을(를) 배치합니다.
03-Jun-2024 01:20:58.847 정보 [main] org.apache.jasper.servlet.TldScanner.scanJars 적어도 하나의 JAR가 TLD들을 찾기 위해 스캔되었으나 아무 것도 찾지 못했습니다. 스캔했으나 TLD가 없는 JAR들의 전체 목록을 보시려면, 로그 레벨을 디버그 레벨로 설정하십시오. 스캔 과정에서 불필요한 JAR들을 건너뛰면, 시스템 시작 시간과 JSP 컴파일 시간을 단축시킬 수 있습니다.
03-Jun-2024 01:20:58.865 정보 [main] org.apache.catalina.startup.HostConfig.deployDescriptor 배치 descriptor [/Users/kimyoungjun/Squeak 복사본(6.2-가입만 분리)/conf/Catalina/localhost/ROOT.xml]의 배치가 [452] 밀리초 내에 완료되었습니다.
03-Jun-2024 01:20:58.867 정보 [main] org.apache.coyote.AbstractProtocol.start 프로토콜 핸들러 ["http-nio-8080"]을(를) 시작합니다.
03-Jun-2024 01:20:58.873 정보 [main] org.apache.catalina.startup.Catalina.start 서버가 [481] 밀리초 내에 시작되었습니다.
03-Jun-2024 01:24:12.567 정보 [Thread-1] org.apache.coyote.AbstractProtocol.pause 프로토콜 핸들러 ["http-nio-8080"]을(를) 일시 정지 중
03-Jun-2024 01:24:12.569 정보 [Thread-1] org.apache.catalina.core.StandardService.stopInternal 서비스 [Catalina]을(를) 중지시킵니다.
03-Jun-2024 01:24:12.572 경고 [Thread-1] org.apache.catalina.loader.WebappClassLoaderBase.clearReferencesJdbc 웹 애플리케이션 [ROOT]이(가) JDBC 드라이버 [com.mysql.cj.jdbc.Driver]을(를) 등록했지만, 웹 애플리케이션이 중지될 때, 해당 JDBC 드라이버의 등록을 제거하지 못했습니다. 메모리 누수를 방지하기 위하여, 등록을 강제로 제거했습니다.
03-Jun-2024 01:24:12.573 경고 [Thread-1] org.apache.catalina.loader.WebappClassLoaderBase.clearReferencesThreads 웹 애플리케이션 [ROOT]이(가) [mysql-cj-abandoned-connection-cleanup](이)라는 이름의 쓰레드를 시작시킨 것으로 보이지만, 해당 쓰레드를 중지시키지 못했습니다. 이는 메모리 누수를 유발할 가능성이 큽니다. 해당 쓰레드의 스택 트레이스:
 java.base@17.0.9/java.lang.Object.wait(Native Method)
 java.base@17.0.9/java.lang.ref.ReferenceQueue.remove(ReferenceQueue.java:155)
 com.mysql.cj.jdbc.AbandonedConnectionCleanupThread.run(AbandonedConnectionCleanupThread.java:91)
 java.base@17.0.9/java.util.concurrent.ThreadPoolExecutor.runWorker(ThreadPoolExecutor.java:1136)
 java.base@17.0.9/java.util.concurrent.ThreadPoolExecutor$Worker.run(ThreadPoolExecutor.java:635)
 java.base@17.0.9/java.lang.Thread.run(Thread.java:840)
03-Jun-2024 01:24:12.576 정보 [Thread-1] org.apache.coyote.AbstractProtocol.stop 프로토콜 핸들러 ["http-nio-8080"]을(를) 중지시킵니다.
03-Jun-2024 01:24:12.578 정보 [Thread-1] org.apache.coyote.AbstractProtocol.destroy 프로토콜 핸들러 ["http-nio-8080"]을(를) 소멸시킵니다.
03-Jun-2024 01:24:13.530 정보 [main] org.apache.catalina.startup.VersionLoggerListener.log 서버 버전 이름:    Apache Tomcat/10.1.24
03-Jun-2024 01:24:13.534 정보 [main] org.apache.catalina.startup.VersionLoggerListener.log Server 빌드 시각:  May 9 2024 17:41:23 UTC
03-Jun-2024 01:24:13.534 정보 [main] org.apache.catalina.startup.VersionLoggerListener.log Server 버전 번호:  10.1.24.0
03-Jun-2024 01:24:13.534 정보 [main] org.apache.catalina.startup.VersionLoggerListener.log 운영체제 이름:     Mac OS X
03-Jun-2024 01:24:13.534 정보 [main] org.apache.catalina.startup.VersionLoggerListener.log 운영체제 버전:     14.4.1
03-Jun-2024 01:24:13.534 정보 [main] org.apache.catalina.startup.VersionLoggerListener.log 아키텍처:          aarch64
03-Jun-2024 01:24:13.534 정보 [main] org.apache.catalina.startup.VersionLoggerListener.log 자바 홈:           /Users/kimyoungjun/Library/Java/JavaVirtualMachines/corretto-17.0.9/Contents/Home
03-Jun-2024 01:24:13.535 정보 [main] org.apache.catalina.startup.VersionLoggerListener.log JVM 버전:          17.0.9+8-LTS
03-Jun-2024 01:24:13.535 정보 [main] org.apache.catalina.startup.VersionLoggerListener.log JVM 벤더:          Amazon.com Inc.
03-Jun-2024 01:24:13.535 정보 [main] org.apache.catalina.startup.VersionLoggerListener.log CATALINA_BASE:     /Users/kimyoungjun/Squeak 복사본(6.2-가입만 분리)
03-Jun-2024 01:24:13.536 정보 [main] org.apache.catalina.startup.VersionLoggerListener.log CATALINA_HOME:     /Users/kimyoungjun/Desktop/Coding/Busan/jsp/apache-tomcat-10.1.24
03-Jun-2024 01:24:13.541 정보 [main] org.apache.catalina.startup.VersionLoggerListener.log 명령 행 아규먼트:  --add-opens=java.base/java.lang=ALL-UNNAMED
03-Jun-2024 01:24:13.541 정보 [main] org.apache.catalina.startup.VersionLoggerListener.log 명령 행 아규먼트:  --add-opens=java.base/java.io=ALL-UNNAMED
03-Jun-2024 01:24:13.541 정보 [main] org.apache.catalina.startup.VersionLoggerListener.log 명령 행 아규먼트:  --add-opens=java.base/java.util=ALL-UNNAMED
03-Jun-2024 01:24:13.541 정보 [main] org.apache.catalina.startup.VersionLoggerListener.log 명령 행 아규먼트:  --add-opens=java.base/java.util.concurrent=ALL-UNNAMED
03-Jun-2024 01:24:13.541 정보 [main] org.apache.catalina.startup.VersionLoggerListener.log 명령 행 아규먼트:  --add-opens=java.rmi/sun.rmi.transport=ALL-UNNAMED
03-Jun-2024 01:24:13.541 정보 [main] org.apache.catalina.startup.VersionLoggerListener.log 명령 행 아규먼트:  -Dcatalina.home=/Users/kimyoungjun/Desktop/Coding/Busan/jsp/apache-tomcat-10.1.24
03-Jun-2024 01:24:13.541 정보 [main] org.apache.catalina.startup.VersionLoggerListener.log 명령 행 아규먼트:  -Dcatalina.base=/Users/kimyoungjun/Squeak 복사본(6.2-가입만 분리)
03-Jun-2024 01:24:13.541 정보 [main] org.apache.catalina.startup.VersionLoggerListener.log 명령 행 아규먼트:  -Djava.io.tmpdir=/Users/kimyoungjun/Squeak 복사본(6.2-가입만 분리)/temp
03-Jun-2024 01:24:13.541 정보 [main] org.apache.catalina.startup.VersionLoggerListener.log 명령 행 아규먼트:  -Djava.util.logging.config.file=/Users/kimyoungjun/Squeak 복사본(6.2-가입만 분리)/conf/logging.properties
03-Jun-2024 01:24:13.541 정보 [main] org.apache.catalina.startup.VersionLoggerListener.log 명령 행 아규먼트:  -Djava.util.logging.manager=org.apache.juli.ClassLoaderLogManager
03-Jun-2024 01:24:13.541 정보 [main] org.apache.catalina.startup.VersionLoggerListener.log 명령 행 아규먼트:  -javaagent:/Users/kimyoungjun/Applications/IntelliJ IDEA Ultimate.app/Contents/lib/idea_rt.jar=49197:/Users/kimyoungjun/Applications/IntelliJ IDEA Ultimate.app/Contents/bin
03-Jun-2024 01:24:13.541 정보 [main] org.apache.catalina.startup.VersionLoggerListener.log 명령 행 아규먼트:  -Dfile.encoding=UTF-8
03-Jun-2024 01:24:13.546 정보 [main] org.apache.catalina.core.AprLifecycleListener.lifecycleEvent 프로덕션 환경들에서 최적의 성능을 제공하는, APR 기반 Apache Tomcat Native 라이브러리가, 다음 java.library.path에서 발견되지 않습니다: [/Users/kimyoungjun/Library/Java/Extensions:/Library/Java/Extensions:/Network/Library/Java/Extensions:/System/Library/Java/Extensions:/usr/lib/java:.]
03-Jun-2024 01:24:13.682 정보 [main] org.apache.coyote.AbstractProtocol.init 프로토콜 핸들러 ["http-nio-8080"]을(를) 초기화합니다.
03-Jun-2024 01:24:13.693 정보 [main] org.apache.catalina.startup.Catalina.load [257] 밀리초 내에 서버가 초기화되었습니다.
03-Jun-2024 01:24:13.715 정보 [main] org.apache.catalina.core.StandardService.startInternal 서비스 [Catalina]을(를) 시작합니다.
03-Jun-2024 01:24:13.715 정보 [main] org.apache.catalina.core.StandardEngine.startInternal 서버 엔진을 시작합니다: [Apache Tomcat/10.1.24]
03-Jun-2024 01:24:13.719 정보 [main] org.apache.catalina.startup.HostConfig.deployDescriptor 배치 descriptor [/Users/kimyoungjun/Squeak 복사본(6.2-가입만 분리)/conf/Catalina/localhost/ROOT.xml]을(를) 배치합니다.
03-Jun-2024 01:24:14.155 정보 [main] org.apache.jasper.servlet.TldScanner.scanJars 적어도 하나의 JAR가 TLD들을 찾기 위해 스캔되었으나 아무 것도 찾지 못했습니다. 스캔했으나 TLD가 없는 JAR들의 전체 목록을 보시려면, 로그 레벨을 디버그 레벨로 설정하십시오. 스캔 과정에서 불필요한 JAR들을 건너뛰면, 시스템 시작 시간과 JSP 컴파일 시간을 단축시킬 수 있습니다.
03-Jun-2024 01:24:14.174 정보 [main] org.apache.catalina.startup.HostConfig.deployDescriptor 배치 descriptor [/Users/kimyoungjun/Squeak 복사본(6.2-가입만 분리)/conf/Catalina/localhost/ROOT.xml]의 배치가 [454] 밀리초 내에 완료되었습니다.
03-Jun-2024 01:24:14.176 정보 [main] org.apache.coyote.AbstractProtocol.start 프로토콜 핸들러 ["http-nio-8080"]을(를) 시작합니다.
03-Jun-2024 01:24:14.182 정보 [main] org.apache.catalina.startup.Catalina.start 서버가 [489] 밀리초 내에 시작되었습니다.
03-Jun-2024 01:41:01.570 정보 [Thread-1] org.apache.coyote.AbstractProtocol.pause 프로토콜 핸들러 ["http-nio-8080"]을(를) 일시 정지 중
03-Jun-2024 01:41:01.572 정보 [Thread-1] org.apache.catalina.core.StandardService.stopInternal 서비스 [Catalina]을(를) 중지시킵니다.
03-Jun-2024 01:41:01.576 경고 [Thread-1] org.apache.catalina.loader.WebappClassLoaderBase.clearReferencesJdbc 웹 애플리케이션 [ROOT]이(가) JDBC 드라이버 [com.mysql.cj.jdbc.Driver]을(를) 등록했지만, 웹 애플리케이션이 중지될 때, 해당 JDBC 드라이버의 등록을 제거하지 못했습니다. 메모리 누수를 방지하기 위하여, 등록을 강제로 제거했습니다.
03-Jun-2024 01:41:01.576 경고 [Thread-1] org.apache.catalina.loader.WebappClassLoaderBase.clearReferencesThreads 웹 애플리케이션 [ROOT]이(가) [mysql-cj-abandoned-connection-cleanup](이)라는 이름의 쓰레드를 시작시킨 것으로 보이지만, 해당 쓰레드를 중지시키지 못했습니다. 이는 메모리 누수를 유발할 가능성이 큽니다. 해당 쓰레드의 스택 트레이스:
 java.base@17.0.9/java.lang.Object.wait(Native Method)
 java.base@17.0.9/java.lang.ref.ReferenceQueue.remove(ReferenceQueue.java:155)
 com.mysql.cj.jdbc.AbandonedConnectionCleanupThread.run(AbandonedConnectionCleanupThread.java:91)
 java.base@17.0.9/java.util.concurrent.ThreadPoolExecutor.runWorker(ThreadPoolExecutor.java:1136)
 java.base@17.0.9/java.util.concurrent.ThreadPoolExecutor$Worker.run(ThreadPoolExecutor.java:635)
 java.base@17.0.9/java.lang.Thread.run(Thread.java:840)
03-Jun-2024 01:41:01.579 정보 [Thread-1] org.apache.coyote.AbstractProtocol.stop 프로토콜 핸들러 ["http-nio-8080"]을(를) 중지시킵니다.
03-Jun-2024 01:41:01.582 정보 [Thread-1] org.apache.coyote.AbstractProtocol.destroy 프로토콜 핸들러 ["http-nio-8080"]을(를) 소멸시킵니다.
03-Jun-2024 09:11:37.868 정보 [main] org.apache.catalina.startup.VersionLoggerListener.log 서버 버전 이름:    Apache Tomcat/10.1.24
03-Jun-2024 09:11:37.870 정보 [main] org.apache.catalina.startup.VersionLoggerListener.log Server 빌드 시각:  May 9 2024 17:41:23 UTC
03-Jun-2024 09:11:37.870 정보 [main] org.apache.catalina.startup.VersionLoggerListener.log Server 버전 번호:  10.1.24.0
03-Jun-2024 09:11:37.870 정보 [main] org.apache.catalina.startup.VersionLoggerListener.log 운영체제 이름:     Mac OS X
03-Jun-2024 09:11:37.870 정보 [main] org.apache.catalina.startup.VersionLoggerListener.log 운영체제 버전:     14.4.1
03-Jun-2024 09:11:37.870 정보 [main] org.apache.catalina.startup.VersionLoggerListener.log 아키텍처:          aarch64
03-Jun-2024 09:11:37.870 정보 [main] org.apache.catalina.startup.VersionLoggerListener.log 자바 홈:           /Users/kimyoungjun/Library/Java/JavaVirtualMachines/corretto-17.0.9/Contents/Home
03-Jun-2024 09:11:37.871 정보 [main] org.apache.catalina.startup.VersionLoggerListener.log JVM 버전:          17.0.9+8-LTS
03-Jun-2024 09:11:37.871 정보 [main] org.apache.catalina.startup.VersionLoggerListener.log JVM 벤더:          Amazon.com Inc.
03-Jun-2024 09:11:37.871 정보 [main] org.apache.catalina.startup.VersionLoggerListener.log CATALINA_BASE:     /Users/kimyoungjun/Squeak 복사본(6.2-가입만 분리)
03-Jun-2024 09:11:37.871 정보 [main] org.apache.catalina.startup.VersionLoggerListener.log CATALINA_HOME:     /Users/kimyoungjun/Desktop/Coding/Busan/jsp/apache-tomcat-10.1.24
03-Jun-2024 09:11:37.879 정보 [main] org.apache.catalina.startup.VersionLoggerListener.log 명령 행 아규먼트:  --add-opens=java.base/java.lang=ALL-UNNAMED
03-Jun-2024 09:11:37.879 정보 [main] org.apache.catalina.startup.VersionLoggerListener.log 명령 행 아규먼트:  --add-opens=java.base/java.io=ALL-UNNAMED
03-Jun-2024 09:11:37.879 정보 [main] org.apache.catalina.startup.VersionLoggerListener.log 명령 행 아규먼트:  --add-opens=java.base/java.util=ALL-UNNAMED
03-Jun-2024 09:11:37.879 정보 [main] org.apache.catalina.startup.VersionLoggerListener.log 명령 행 아규먼트:  --add-opens=java.base/java.util.concurrent=ALL-UNNAMED
03-Jun-2024 09:11:37.879 정보 [main] org.apache.catalina.startup.VersionLoggerListener.log 명령 행 아규먼트:  --add-opens=java.rmi/sun.rmi.transport=ALL-UNNAMED
03-Jun-2024 09:11:37.879 정보 [main] org.apache.catalina.startup.VersionLoggerListener.log 명령 행 아규먼트:  -Dcatalina.home=/Users/kimyoungjun/Desktop/Coding/Busan/jsp/apache-tomcat-10.1.24
03-Jun-2024 09:11:37.879 정보 [main] org.apache.catalina.startup.VersionLoggerListener.log 명령 행 아규먼트:  -Dcatalina.base=/Users/kimyoungjun/Squeak 복사본(6.2-가입만 분리)
03-Jun-2024 09:11:37.879 정보 [main] org.apache.catalina.startup.VersionLoggerListener.log 명령 행 아규먼트:  -Djava.io.tmpdir=/Users/kimyoungjun/Squeak 복사본(6.2-가입만 분리)/temp
03-Jun-2024 09:11:37.879 정보 [main] org.apache.catalina.startup.VersionLoggerListener.log 명령 행 아규먼트:  -Djava.util.logging.config.file=/Users/kimyoungjun/Squeak 복사본(6.2-가입만 분리)/conf/logging.properties
03-Jun-2024 09:11:37.879 정보 [main] org.apache.catalina.startup.VersionLoggerListener.log 명령 행 아규먼트:  -Djava.util.logging.manager=org.apache.juli.ClassLoaderLogManager
03-Jun-2024 09:11:37.879 정보 [main] org.apache.catalina.startup.VersionLoggerListener.log 명령 행 아규먼트:  -javaagent:/Users/kimyoungjun/Applications/IntelliJ IDEA Ultimate.app/Contents/lib/idea_rt.jar=57482:/Users/kimyoungjun/Applications/IntelliJ IDEA Ultimate.app/Contents/bin
03-Jun-2024 09:11:37.879 정보 [main] org.apache.catalina.startup.VersionLoggerListener.log 명령 행 아규먼트:  -Dfile.encoding=UTF-8
03-Jun-2024 09:11:37.884 정보 [main] org.apache.catalina.core.AprLifecycleListener.lifecycleEvent 프로덕션 환경들에서 최적의 성능을 제공하는, APR 기반 Apache Tomcat Native 라이브러리가, 다음 java.library.path에서 발견되지 않습니다: [/Users/kimyoungjun/Library/Java/Extensions:/Library/Java/Extensions:/Network/Library/Java/Extensions:/System/Library/Java/Extensions:/usr/lib/java:.]
03-Jun-2024 09:11:38.032 정보 [main] org.apache.coyote.AbstractProtocol.init 프로토콜 핸들러 ["http-nio-8080"]을(를) 초기화합니다.
03-Jun-2024 09:11:38.043 정보 [main] org.apache.catalina.startup.Catalina.load [292] 밀리초 내에 서버가 초기화되었습니다.
03-Jun-2024 09:11:38.065 정보 [main] org.apache.catalina.core.StandardService.startInternal 서비스 [Catalina]을(를) 시작합니다.
03-Jun-2024 09:11:38.065 정보 [main] org.apache.catalina.core.StandardEngine.startInternal 서버 엔진을 시작합니다: [Apache Tomcat/10.1.24]
03-Jun-2024 09:11:38.071 정보 [main] org.apache.catalina.startup.HostConfig.deployDescriptor 배치 descriptor [/Users/kimyoungjun/Squeak 복사본(6.2-가입만 분리)/conf/Catalina/localhost/ROOT.xml]을(를) 배치합니다.
03-Jun-2024 09:11:38.555 정보 [main] org.apache.jasper.servlet.TldScanner.scanJars 적어도 하나의 JAR가 TLD들을 찾기 위해 스캔되었으나 아무 것도 찾지 못했습니다. 스캔했으나 TLD가 없는 JAR들의 전체 목록을 보시려면, 로그 레벨을 디버그 레벨로 설정하십시오. 스캔 과정에서 불필요한 JAR들을 건너뛰면, 시스템 시작 시간과 JSP 컴파일 시간을 단축시킬 수 있습니다.
03-Jun-2024 09:11:38.579 정보 [main] org.apache.catalina.startup.HostConfig.deployDescriptor 배치 descriptor [/Users/kimyoungjun/Squeak 복사본(6.2-가입만 분리)/conf/Catalina/localhost/ROOT.xml]의 배치가 [507] 밀리초 내에 완료되었습니다.
03-Jun-2024 09:11:38.581 정보 [main] org.apache.coyote.AbstractProtocol.start 프로토콜 핸들러 ["http-nio-8080"]을(를) 시작합니다.
03-Jun-2024 09:11:38.587 정보 [main] org.apache.catalina.startup.Catalina.start 서버가 [543] 밀리초 내에 시작되었습니다.
03-Jun-2024 09:23:10.904 정보 [Thread-1] org.apache.coyote.AbstractProtocol.pause 프로토콜 핸들러 ["http-nio-8080"]을(를) 일시 정지 중
03-Jun-2024 09:23:10.905 정보 [Thread-1] org.apache.catalina.core.StandardService.stopInternal 서비스 [Catalina]을(를) 중지시킵니다.
03-Jun-2024 09:23:10.911 정보 [Thread-1] org.apache.coyote.AbstractProtocol.stop 프로토콜 핸들러 ["http-nio-8080"]을(를) 중지시킵니다.
03-Jun-2024 09:23:10.914 정보 [Thread-1] org.apache.coyote.AbstractProtocol.destroy 프로토콜 핸들러 ["http-nio-8080"]을(를) 소멸시킵니다.
03-Jun-2024 09:23:11.932 정보 [main] org.apache.catalina.startup.VersionLoggerListener.log 서버 버전 이름:    Apache Tomcat/10.1.24
03-Jun-2024 09:23:11.935 정보 [main] org.apache.catalina.startup.VersionLoggerListener.log Server 빌드 시각:  May 9 2024 17:41:23 UTC
03-Jun-2024 09:23:11.936 정보 [main] org.apache.catalina.startup.VersionLoggerListener.log Server 버전 번호:  10.1.24.0
03-Jun-2024 09:23:11.936 정보 [main] org.apache.catalina.startup.VersionLoggerListener.log 운영체제 이름:     Mac OS X
03-Jun-2024 09:23:11.936 정보 [main] org.apache.catalina.startup.VersionLoggerListener.log 운영체제 버전:     14.4.1
03-Jun-2024 09:23:11.936 정보 [main] org.apache.catalina.startup.VersionLoggerListener.log 아키텍처:          aarch64
03-Jun-2024 09:23:11.936 정보 [main] org.apache.catalina.startup.VersionLoggerListener.log 자바 홈:           /Users/kimyoungjun/Library/Java/JavaVirtualMachines/corretto-17.0.9/Contents/Home
03-Jun-2024 09:23:11.936 정보 [main] org.apache.catalina.startup.VersionLoggerListener.log JVM 버전:          17.0.9+8-LTS
03-Jun-2024 09:23:11.936 정보 [main] org.apache.catalina.startup.VersionLoggerListener.log JVM 벤더:          Amazon.com Inc.
03-Jun-2024 09:23:11.936 정보 [main] org.apache.catalina.startup.VersionLoggerListener.log CATALINA_BASE:     /Users/kimyoungjun/Squeak 복사본(6.2-가입만 분리)
03-Jun-2024 09:23:11.936 정보 [main] org.apache.catalina.startup.VersionLoggerListener.log CATALINA_HOME:     /Users/kimyoungjun/Desktop/Coding/Busan/jsp/apache-tomcat-10.1.24
03-Jun-2024 09:23:11.943 정보 [main] org.apache.catalina.startup.VersionLoggerListener.log 명령 행 아규먼트:  --add-opens=java.base/java.lang=ALL-UNNAMED
03-Jun-2024 09:23:11.943 정보 [main] org.apache.catalina.startup.VersionLoggerListener.log 명령 행 아규먼트:  --add-opens=java.base/java.io=ALL-UNNAMED
03-Jun-2024 09:23:11.943 정보 [main] org.apache.catalina.startup.VersionLoggerListener.log 명령 행 아규먼트:  --add-opens=java.base/java.util=ALL-UNNAMED
03-Jun-2024 09:23:11.943 정보 [main] org.apache.catalina.startup.VersionLoggerListener.log 명령 행 아규먼트:  --add-opens=java.base/java.util.concurrent=ALL-UNNAMED
03-Jun-2024 09:23:11.943 정보 [main] org.apache.catalina.startup.VersionLoggerListener.log 명령 행 아규먼트:  --add-opens=java.rmi/sun.rmi.transport=ALL-UNNAMED
03-Jun-2024 09:23:11.944 정보 [main] org.apache.catalina.startup.VersionLoggerListener.log 명령 행 아규먼트:  -Dcatalina.home=/Users/kimyoungjun/Desktop/Coding/Busan/jsp/apache-tomcat-10.1.24
03-Jun-2024 09:23:11.944 정보 [main] org.apache.catalina.startup.VersionLoggerListener.log 명령 행 아규먼트:  -Dcatalina.base=/Users/kimyoungjun/Squeak 복사본(6.2-가입만 분리)
03-Jun-2024 09:23:11.944 정보 [main] org.apache.catalina.startup.VersionLoggerListener.log 명령 행 아규먼트:  -Djava.io.tmpdir=/Users/kimyoungjun/Squeak 복사본(6.2-가입만 분리)/temp
03-Jun-2024 09:23:11.944 정보 [main] org.apache.catalina.startup.VersionLoggerListener.log 명령 행 아규먼트:  -Djava.util.logging.config.file=/Users/kimyoungjun/Squeak 복사본(6.2-가입만 분리)/conf/logging.properties
03-Jun-2024 09:23:11.944 정보 [main] org.apache.catalina.startup.VersionLoggerListener.log 명령 행 아규먼트:  -Djava.util.logging.manager=org.apache.juli.ClassLoaderLogManager
03-Jun-2024 09:23:11.944 정보 [main] org.apache.catalina.startup.VersionLoggerListener.log 명령 행 아규먼트:  -javaagent:/Users/kimyoungjun/Applications/IntelliJ IDEA Ultimate.app/Contents/lib/idea_rt.jar=58297:/Users/kimyoungjun/Applications/IntelliJ IDEA Ultimate.app/Contents/bin
03-Jun-2024 09:23:11.944 정보 [main] org.apache.catalina.startup.VersionLoggerListener.log 명령 행 아규먼트:  -Dfile.encoding=UTF-8
03-Jun-2024 09:23:11.949 정보 [main] org.apache.catalina.core.AprLifecycleListener.lifecycleEvent 프로덕션 환경들에서 최적의 성능을 제공하는, APR 기반 Apache Tomcat Native 라이브러리가, 다음 java.library.path에서 발견되지 않습니다: [/Users/kimyoungjun/Library/Java/Extensions:/Library/Java/Extensions:/Network/Library/Java/Extensions:/System/Library/Java/Extensions:/usr/lib/java:.]
03-Jun-2024 09:23:12.092 정보 [main] org.apache.coyote.AbstractProtocol.init 프로토콜 핸들러 ["http-nio-8080"]을(를) 초기화합니다.
03-Jun-2024 09:23:12.101 정보 [main] org.apache.catalina.startup.Catalina.load [279] 밀리초 내에 서버가 초기화되었습니다.
03-Jun-2024 09:23:12.122 정보 [main] org.apache.catalina.core.StandardService.startInternal 서비스 [Catalina]을(를) 시작합니다.
03-Jun-2024 09:23:12.122 정보 [main] org.apache.catalina.core.StandardEngine.startInternal 서버 엔진을 시작합니다: [Apache Tomcat/10.1.24]
03-Jun-2024 09:23:12.128 정보 [main] org.apache.catalina.startup.HostConfig.deployDescriptor 배치 descriptor [/Users/kimyoungjun/Squeak 복사본(6.2-가입만 분리)/conf/Catalina/localhost/ROOT.xml]을(를) 배치합니다.
03-Jun-2024 09:23:12.587 정보 [main] org.apache.jasper.servlet.TldScanner.scanJars 적어도 하나의 JAR가 TLD들을 찾기 위해 스캔되었으나 아무 것도 찾지 못했습니다. 스캔했으나 TLD가 없는 JAR들의 전체 목록을 보시려면, 로그 레벨을 디버그 레벨로 설정하십시오. 스캔 과정에서 불필요한 JAR들을 건너뛰면, 시스템 시작 시간과 JSP 컴파일 시간을 단축시킬 수 있습니다.
03-Jun-2024 09:23:12.606 정보 [main] org.apache.catalina.startup.HostConfig.deployDescriptor 배치 descriptor [/Users/kimyoungjun/Squeak 복사본(6.2-가입만 분리)/conf/Catalina/localhost/ROOT.xml]의 배치가 [477] 밀리초 내에 완료되었습니다.
03-Jun-2024 09:23:12.608 정보 [main] org.apache.coyote.AbstractProtocol.start 프로토콜 핸들러 ["http-nio-8080"]을(를) 시작합니다.
03-Jun-2024 09:23:12.615 정보 [main] org.apache.catalina.startup.Catalina.start 서버가 [513] 밀리초 내에 시작되었습니다.
03-Jun-2024 09:27:17.179 정보 [Thread-1] org.apache.coyote.AbstractProtocol.pause 프로토콜 핸들러 ["http-nio-8080"]을(를) 일시 정지 중
03-Jun-2024 09:27:17.181 정보 [Thread-1] org.apache.catalina.core.StandardService.stopInternal 서비스 [Catalina]을(를) 중지시킵니다.
03-Jun-2024 09:27:17.183 경고 [Thread-1] org.apache.catalina.loader.WebappClassLoaderBase.clearReferencesJdbc 웹 애플리케이션 [ROOT]이(가) JDBC 드라이버 [com.mysql.cj.jdbc.Driver]을(를) 등록했지만, 웹 애플리케이션이 중지될 때, 해당 JDBC 드라이버의 등록을 제거하지 못했습니다. 메모리 누수를 방지하기 위하여, 등록을 강제로 제거했습니다.
03-Jun-2024 09:27:17.183 경고 [Thread-1] org.apache.catalina.loader.WebappClassLoaderBase.clearReferencesThreads 웹 애플리케이션 [ROOT]이(가) [mysql-cj-abandoned-connection-cleanup](이)라는 이름의 쓰레드를 시작시킨 것으로 보이지만, 해당 쓰레드를 중지시키지 못했습니다. 이는 메모리 누수를 유발할 가능성이 큽니다. 해당 쓰레드의 스택 트레이스:
 java.base@17.0.9/java.lang.Object.wait(Native Method)
 java.base@17.0.9/java.lang.ref.ReferenceQueue.remove(ReferenceQueue.java:155)
 com.mysql.cj.jdbc.AbandonedConnectionCleanupThread.run(AbandonedConnectionCleanupThread.java:91)
 java.base@17.0.9/java.util.concurrent.ThreadPoolExecutor.runWorker(ThreadPoolExecutor.java:1136)
 java.base@17.0.9/java.util.concurrent.ThreadPoolExecutor$Worker.run(ThreadPoolExecutor.java:635)
 java.base@17.0.9/java.lang.Thread.run(Thread.java:840)
03-Jun-2024 09:27:17.186 정보 [Thread-1] org.apache.coyote.AbstractProtocol.stop 프로토콜 핸들러 ["http-nio-8080"]을(를) 중지시킵니다.
03-Jun-2024 09:27:17.189 정보 [Thread-1] org.apache.coyote.AbstractProtocol.destroy 프로토콜 핸들러 ["http-nio-8080"]을(를) 소멸시킵니다.
03-Jun-2024 09:31:06.507 정보 [main] org.apache.catalina.startup.VersionLoggerListener.log 서버 버전 이름:    Apache Tomcat/10.1.24
03-Jun-2024 09:31:06.509 정보 [main] org.apache.catalina.startup.VersionLoggerListener.log Server 빌드 시각:  May 9 2024 17:41:23 UTC
03-Jun-2024 09:31:06.510 정보 [main] org.apache.catalina.startup.VersionLoggerListener.log Server 버전 번호:  10.1.24.0
03-Jun-2024 09:31:06.510 정보 [main] org.apache.catalina.startup.VersionLoggerListener.log 운영체제 이름:     Mac OS X
03-Jun-2024 09:31:06.510 정보 [main] org.apache.catalina.startup.VersionLoggerListener.log 운영체제 버전:     14.4.1
03-Jun-2024 09:31:06.510 정보 [main] org.apache.catalina.startup.VersionLoggerListener.log 아키텍처:          aarch64
03-Jun-2024 09:31:06.510 정보 [main] org.apache.catalina.startup.VersionLoggerListener.log 자바 홈:           /Users/kimyoungjun/Library/Java/JavaVirtualMachines/corretto-17.0.9/Contents/Home
03-Jun-2024 09:31:06.510 정보 [main] org.apache.catalina.startup.VersionLoggerListener.log JVM 버전:          17.0.9+8-LTS
03-Jun-2024 09:31:06.510 정보 [main] org.apache.catalina.startup.VersionLoggerListener.log JVM 벤더:          Amazon.com Inc.
03-Jun-2024 09:31:06.510 정보 [main] org.apache.catalina.startup.VersionLoggerListener.log CATALINA_BASE:     /Users/kimyoungjun/Squeak 복사본(6.2-가입만 분리)
03-Jun-2024 09:31:06.510 정보 [main] org.apache.catalina.startup.VersionLoggerListener.log CATALINA_HOME:     /Users/kimyoungjun/Desktop/Coding/Busan/jsp/apache-tomcat-10.1.24
03-Jun-2024 09:31:06.518 정보 [main] org.apache.catalina.startup.VersionLoggerListener.log 명령 행 아규먼트:  --add-opens=java.base/java.lang=ALL-UNNAMED
03-Jun-2024 09:31:06.519 정보 [main] org.apache.catalina.startup.VersionLoggerListener.log 명령 행 아규먼트:  --add-opens=java.base/java.io=ALL-UNNAMED
03-Jun-2024 09:31:06.519 정보 [main] org.apache.catalina.startup.VersionLoggerListener.log 명령 행 아규먼트:  --add-opens=java.base/java.util=ALL-UNNAMED
03-Jun-2024 09:31:06.519 정보 [main] org.apache.catalina.startup.VersionLoggerListener.log 명령 행 아규먼트:  --add-opens=java.base/java.util.concurrent=ALL-UNNAMED
03-Jun-2024 09:31:06.519 정보 [main] org.apache.catalina.startup.VersionLoggerListener.log 명령 행 아규먼트:  --add-opens=java.rmi/sun.rmi.transport=ALL-UNNAMED
03-Jun-2024 09:31:06.519 정보 [main] org.apache.catalina.startup.VersionLoggerListener.log 명령 행 아규먼트:  -Dcatalina.home=/Users/kimyoungjun/Desktop/Coding/Busan/jsp/apache-tomcat-10.1.24
03-Jun-2024 09:31:06.519 정보 [main] org.apache.catalina.startup.VersionLoggerListener.log 명령 행 아규먼트:  -Dcatalina.base=/Users/kimyoungjun/Squeak 복사본(6.2-가입만 분리)
03-Jun-2024 09:31:06.519 정보 [main] org.apache.catalina.startup.VersionLoggerListener.log 명령 행 아규먼트:  -Djava.io.tmpdir=/Users/kimyoungjun/Squeak 복사본(6.2-가입만 분리)/temp
03-Jun-2024 09:31:06.519 정보 [main] org.apache.catalina.startup.VersionLoggerListener.log 명령 행 아규먼트:  -Djava.util.logging.config.file=/Users/kimyoungjun/Squeak 복사본(6.2-가입만 분리)/conf/logging.properties
03-Jun-2024 09:31:06.519 정보 [main] org.apache.catalina.startup.VersionLoggerListener.log 명령 행 아규먼트:  -Djava.util.logging.manager=org.apache.juli.ClassLoaderLogManager
03-Jun-2024 09:31:06.519 정보 [main] org.apache.catalina.startup.VersionLoggerListener.log 명령 행 아규먼트:  -javaagent:/Users/kimyoungjun/Applications/IntelliJ IDEA Ultimate.app/Contents/lib/idea_rt.jar=59248:/Users/kimyoungjun/Applications/IntelliJ IDEA Ultimate.app/Contents/bin
03-Jun-2024 09:31:06.519 정보 [main] org.apache.catalina.startup.VersionLoggerListener.log 명령 행 아규먼트:  -Dfile.encoding=UTF-8
03-Jun-2024 09:31:06.524 정보 [main] org.apache.catalina.core.AprLifecycleListener.lifecycleEvent 프로덕션 환경들에서 최적의 성능을 제공하는, APR 기반 Apache Tomcat Native 라이브러리가, 다음 java.library.path에서 발견되지 않습니다: [/Users/kimyoungjun/Library/Java/Extensions:/Library/Java/Extensions:/Network/Library/Java/Extensions:/System/Library/Java/Extensions:/usr/lib/java:.]
03-Jun-2024 09:31:06.672 정보 [main] org.apache.coyote.AbstractProtocol.init 프로토콜 핸들러 ["http-nio-8080"]을(를) 초기화합니다.
03-Jun-2024 09:31:06.683 정보 [main] org.apache.catalina.startup.Catalina.load [292] 밀리초 내에 서버가 초기화되었습니다.
03-Jun-2024 09:31:06.705 정보 [main] org.apache.catalina.core.StandardService.startInternal 서비스 [Catalina]을(를) 시작합니다.
03-Jun-2024 09:31:06.705 정보 [main] org.apache.catalina.core.StandardEngine.startInternal 서버 엔진을 시작합니다: [Apache Tomcat/10.1.24]
03-Jun-2024 09:31:06.709 정보 [main] org.apache.catalina.startup.HostConfig.deployDescriptor 배치 descriptor [/Users/kimyoungjun/Squeak 복사본(6.2-가입만 분리)/conf/Catalina/localhost/ROOT.xml]을(를) 배치합니다.
03-Jun-2024 09:31:07.169 정보 [main] org.apache.jasper.servlet.TldScanner.scanJars 적어도 하나의 JAR가 TLD들을 찾기 위해 스캔되었으나 아무 것도 찾지 못했습니다. 스캔했으나 TLD가 없는 JAR들의 전체 목록을 보시려면, 로그 레벨을 디버그 레벨로 설정하십시오. 스캔 과정에서 불필요한 JAR들을 건너뛰면, 시스템 시작 시간과 JSP 컴파일 시간을 단축시킬 수 있습니다.
03-Jun-2024 09:31:07.190 정보 [main] org.apache.catalina.startup.HostConfig.deployDescriptor 배치 descriptor [/Users/kimyoungjun/Squeak 복사본(6.2-가입만 분리)/conf/Catalina/localhost/ROOT.xml]의 배치가 [480] 밀리초 내에 완료되었습니다.
03-Jun-2024 09:31:07.192 정보 [main] org.apache.coyote.AbstractProtocol.start 프로토콜 핸들러 ["http-nio-8080"]을(를) 시작합니다.
03-Jun-2024 09:31:07.199 정보 [main] org.apache.catalina.startup.Catalina.start 서버가 [516] 밀리초 내에 시작되었습니다.
03-Jun-2024 09:34:08.645 정보 [Thread-1] org.apache.coyote.AbstractProtocol.pause 프로토콜 핸들러 ["http-nio-8080"]을(를) 일시 정지 중
03-Jun-2024 09:34:08.649 정보 [Thread-1] org.apache.catalina.core.StandardService.stopInternal 서비스 [Catalina]을(를) 중지시킵니다.
03-Jun-2024 09:34:08.655 정보 [Thread-1] org.apache.coyote.AbstractProtocol.stop 프로토콜 핸들러 ["http-nio-8080"]을(를) 중지시킵니다.
03-Jun-2024 09:34:08.658 정보 [Thread-1] org.apache.coyote.AbstractProtocol.destroy 프로토콜 핸들러 ["http-nio-8080"]을(를) 소멸시킵니다.
03-Jun-2024 09:35:53.603 정보 [main] org.apache.catalina.startup.VersionLoggerListener.log 서버 버전 이름:    Apache Tomcat/10.1.24
03-Jun-2024 09:35:53.608 정보 [main] org.apache.catalina.startup.VersionLoggerListener.log Server 빌드 시각:  May 9 2024 17:41:23 UTC
03-Jun-2024 09:35:53.608 정보 [main] org.apache.catalina.startup.VersionLoggerListener.log Server 버전 번호:  10.1.24.0
03-Jun-2024 09:35:53.608 정보 [main] org.apache.catalina.startup.VersionLoggerListener.log 운영체제 이름:     Mac OS X
03-Jun-2024 09:35:53.608 정보 [main] org.apache.catalina.startup.VersionLoggerListener.log 운영체제 버전:     14.4.1
03-Jun-2024 09:35:53.608 정보 [main] org.apache.catalina.startup.VersionLoggerListener.log 아키텍처:          aarch64
03-Jun-2024 09:35:53.608 정보 [main] org.apache.catalina.startup.VersionLoggerListener.log 자바 홈:           /Users/kimyoungjun/Library/Java/JavaVirtualMachines/corretto-17.0.9/Contents/Home
03-Jun-2024 09:35:53.608 정보 [main] org.apache.catalina.startup.VersionLoggerListener.log JVM 버전:          17.0.9+8-LTS
03-Jun-2024 09:35:53.608 정보 [main] org.apache.catalina.startup.VersionLoggerListener.log JVM 벤더:          Amazon.com Inc.
03-Jun-2024 09:35:53.608 정보 [main] org.apache.catalina.startup.VersionLoggerListener.log CATALINA_BASE:     /Users/kimyoungjun/Squeak 복사본(6.2-가입만 분리)
03-Jun-2024 09:35:53.608 정보 [main] org.apache.catalina.startup.VersionLoggerListener.log CATALINA_HOME:     /Users/kimyoungjun/Desktop/Coding/Busan/jsp/apache-tomcat-10.1.24
03-Jun-2024 09:35:53.616 정보 [main] org.apache.catalina.startup.VersionLoggerListener.log 명령 행 아규먼트:  --add-opens=java.base/java.lang=ALL-UNNAMED
03-Jun-2024 09:35:53.616 정보 [main] org.apache.catalina.startup.VersionLoggerListener.log 명령 행 아규먼트:  --add-opens=java.base/java.io=ALL-UNNAMED
03-Jun-2024 09:35:53.616 정보 [main] org.apache.catalina.startup.VersionLoggerListener.log 명령 행 아규먼트:  --add-opens=java.base/java.util=ALL-UNNAMED
03-Jun-2024 09:35:53.616 정보 [main] org.apache.catalina.startup.VersionLoggerListener.log 명령 행 아규먼트:  --add-opens=java.base/java.util.concurrent=ALL-UNNAMED
03-Jun-2024 09:35:53.616 정보 [main] org.apache.catalina.startup.VersionLoggerListener.log 명령 행 아규먼트:  --add-opens=java.rmi/sun.rmi.transport=ALL-UNNAMED
03-Jun-2024 09:35:53.616 정보 [main] org.apache.catalina.startup.VersionLoggerListener.log 명령 행 아규먼트:  -Dcatalina.home=/Users/kimyoungjun/Desktop/Coding/Busan/jsp/apache-tomcat-10.1.24
03-Jun-2024 09:35:53.616 정보 [main] org.apache.catalina.startup.VersionLoggerListener.log 명령 행 아규먼트:  -Dcatalina.base=/Users/kimyoungjun/Squeak 복사본(6.2-가입만 분리)
03-Jun-2024 09:35:53.616 정보 [main] org.apache.catalina.startup.VersionLoggerListener.log 명령 행 아규먼트:  -Djava.io.tmpdir=/Users/kimyoungjun/Squeak 복사본(6.2-가입만 분리)/temp
03-Jun-2024 09:35:53.616 정보 [main] org.apache.catalina.startup.VersionLoggerListener.log 명령 행 아규먼트:  -Djava.util.logging.config.file=/Users/kimyoungjun/Squeak 복사본(6.2-가입만 분리)/conf/logging.properties
03-Jun-2024 09:35:53.617 정보 [main] org.apache.catalina.startup.VersionLoggerListener.log 명령 행 아규먼트:  -Djava.util.logging.manager=org.apache.juli.ClassLoaderLogManager
03-Jun-2024 09:35:53.617 정보 [main] org.apache.catalina.startup.VersionLoggerListener.log 명령 행 아규먼트:  -javaagent:/Users/kimyoungjun/Applications/IntelliJ IDEA Ultimate.app/Contents/lib/idea_rt.jar=59770:/Users/kimyoungjun/Applications/IntelliJ IDEA Ultimate.app/Contents/bin
03-Jun-2024 09:35:53.617 정보 [main] org.apache.catalina.startup.VersionLoggerListener.log 명령 행 아규먼트:  -Dfile.encoding=UTF-8
03-Jun-2024 09:35:53.621 정보 [main] org.apache.catalina.core.AprLifecycleListener.lifecycleEvent 프로덕션 환경들에서 최적의 성능을 제공하는, APR 기반 Apache Tomcat Native 라이브러리가, 다음 java.library.path에서 발견되지 않습니다: [/Users/kimyoungjun/Library/Java/Extensions:/Library/Java/Extensions:/Network/Library/Java/Extensions:/System/Library/Java/Extensions:/usr/lib/java:.]
03-Jun-2024 09:35:53.761 정보 [main] org.apache.coyote.AbstractProtocol.init 프로토콜 핸들러 ["http-nio-8080"]을(를) 초기화합니다.
03-Jun-2024 09:35:53.770 정보 [main] org.apache.catalina.startup.Catalina.load [273] 밀리초 내에 서버가 초기화되었습니다.
03-Jun-2024 09:35:53.795 정보 [main] org.apache.catalina.core.StandardService.startInternal 서비스 [Catalina]을(를) 시작합니다.
03-Jun-2024 09:35:53.796 정보 [main] org.apache.catalina.core.StandardEngine.startInternal 서버 엔진을 시작합니다: [Apache Tomcat/10.1.24]
03-Jun-2024 09:35:53.802 정보 [main] org.apache.catalina.startup.HostConfig.deployDescriptor 배치 descriptor [/Users/kimyoungjun/Squeak 복사본(6.2-가입만 분리)/conf/Catalina/localhost/ROOT.xml]을(를) 배치합니다.
03-Jun-2024 09:35:54.259 정보 [main] org.apache.jasper.servlet.TldScanner.scanJars 적어도 하나의 JAR가 TLD들을 찾기 위해 스캔되었으나 아무 것도 찾지 못했습니다. 스캔했으나 TLD가 없는 JAR들의 전체 목록을 보시려면, 로그 레벨을 디버그 레벨로 설정하십시오. 스캔 과정에서 불필요한 JAR들을 건너뛰면, 시스템 시작 시간과 JSP 컴파일 시간을 단축시킬 수 있습니다.
03-Jun-2024 09:35:54.277 정보 [main] org.apache.catalina.startup.HostConfig.deployDescriptor 배치 descriptor [/Users/kimyoungjun/Squeak 복사본(6.2-가입만 분리)/conf/Catalina/localhost/ROOT.xml]의 배치가 [475] 밀리초 내에 완료되었습니다.
03-Jun-2024 09:35:54.279 정보 [main] org.apache.coyote.AbstractProtocol.start 프로토콜 핸들러 ["http-nio-8080"]을(를) 시작합니다.
03-Jun-2024 09:35:54.285 정보 [main] org.apache.catalina.startup.Catalina.start 서버가 [514] 밀리초 내에 시작되었습니다.
03-Jun-2024 09:36:48.542 정보 [Thread-1] org.apache.coyote.AbstractProtocol.pause 프로토콜 핸들러 ["http-nio-8080"]을(를) 일시 정지 중
03-Jun-2024 09:36:48.543 정보 [Thread-1] org.apache.catalina.core.StandardService.stopInternal 서비스 [Catalina]을(를) 중지시킵니다.
03-Jun-2024 09:36:48.546 경고 [Thread-1] org.apache.catalina.loader.WebappClassLoaderBase.clearReferencesJdbc 웹 애플리케이션 [ROOT]이(가) JDBC 드라이버 [com.mysql.cj.jdbc.Driver]을(를) 등록했지만, 웹 애플리케이션이 중지될 때, 해당 JDBC 드라이버의 등록을 제거하지 못했습니다. 메모리 누수를 방지하기 위하여, 등록을 강제로 제거했습니다.
03-Jun-2024 09:36:48.546 경고 [Thread-1] org.apache.catalina.loader.WebappClassLoaderBase.clearReferencesThreads 웹 애플리케이션 [ROOT]이(가) [mysql-cj-abandoned-connection-cleanup](이)라는 이름의 쓰레드를 시작시킨 것으로 보이지만, 해당 쓰레드를 중지시키지 못했습니다. 이는 메모리 누수를 유발할 가능성이 큽니다. 해당 쓰레드의 스택 트레이스:
 java.base@17.0.9/java.lang.Object.wait(Native Method)
 java.base@17.0.9/java.lang.ref.ReferenceQueue.remove(ReferenceQueue.java:155)
 com.mysql.cj.jdbc.AbandonedConnectionCleanupThread.run(AbandonedConnectionCleanupThread.java:91)
 java.base@17.0.9/java.util.concurrent.ThreadPoolExecutor.runWorker(ThreadPoolExecutor.java:1136)
 java.base@17.0.9/java.util.concurrent.ThreadPoolExecutor$Worker.run(ThreadPoolExecutor.java:635)
 java.base@17.0.9/java.lang.Thread.run(Thread.java:840)
03-Jun-2024 09:36:48.548 정보 [Thread-1] org.apache.coyote.AbstractProtocol.stop 프로토콜 핸들러 ["http-nio-8080"]을(를) 중지시킵니다.
03-Jun-2024 09:36:48.551 정보 [Thread-1] org.apache.coyote.AbstractProtocol.destroy 프로토콜 핸들러 ["http-nio-8080"]을(를) 소멸시킵니다.
03-Jun-2024 09:41:23.468 정보 [main] org.apache.catalina.startup.VersionLoggerListener.log 서버 버전 이름:    Apache Tomcat/10.1.24
03-Jun-2024 09:41:23.471 정보 [main] org.apache.catalina.startup.VersionLoggerListener.log Server 빌드 시각:  May 9 2024 17:41:23 UTC
03-Jun-2024 09:41:23.472 정보 [main] org.apache.catalina.startup.VersionLoggerListener.log Server 버전 번호:  10.1.24.0
03-Jun-2024 09:41:23.472 정보 [main] org.apache.catalina.startup.VersionLoggerListener.log 운영체제 이름:     Mac OS X
03-Jun-2024 09:41:23.472 정보 [main] org.apache.catalina.startup.VersionLoggerListener.log 운영체제 버전:     14.4.1
03-Jun-2024 09:41:23.472 정보 [main] org.apache.catalina.startup.VersionLoggerListener.log 아키텍처:          aarch64
03-Jun-2024 09:41:23.472 정보 [main] org.apache.catalina.startup.VersionLoggerListener.log 자바 홈:           /Users/kimyoungjun/Library/Java/JavaVirtualMachines/corretto-17.0.9/Contents/Home
03-Jun-2024 09:41:23.472 정보 [main] org.apache.catalina.startup.VersionLoggerListener.log JVM 버전:          17.0.9+8-LTS
03-Jun-2024 09:41:23.472 정보 [main] org.apache.catalina.startup.VersionLoggerListener.log JVM 벤더:          Amazon.com Inc.
03-Jun-2024 09:41:23.472 정보 [main] org.apache.catalina.startup.VersionLoggerListener.log CATALINA_BASE:     /Users/kimyoungjun/Squeak 복사본(6.2-가입만 분리)
03-Jun-2024 09:41:23.472 정보 [main] org.apache.catalina.startup.VersionLoggerListener.log CATALINA_HOME:     /Users/kimyoungjun/Desktop/Coding/Busan/jsp/apache-tomcat-10.1.24
03-Jun-2024 09:41:23.479 정보 [main] org.apache.catalina.startup.VersionLoggerListener.log 명령 행 아규먼트:  --add-opens=java.base/java.lang=ALL-UNNAMED
03-Jun-2024 09:41:23.479 정보 [main] org.apache.catalina.startup.VersionLoggerListener.log 명령 행 아규먼트:  --add-opens=java.base/java.io=ALL-UNNAMED
03-Jun-2024 09:41:23.479 정보 [main] org.apache.catalina.startup.VersionLoggerListener.log 명령 행 아규먼트:  --add-opens=java.base/java.util=ALL-UNNAMED
03-Jun-2024 09:41:23.479 정보 [main] org.apache.catalina.startup.VersionLoggerListener.log 명령 행 아규먼트:  --add-opens=java.base/java.util.concurrent=ALL-UNNAMED
03-Jun-2024 09:41:23.479 정보 [main] org.apache.catalina.startup.VersionLoggerListener.log 명령 행 아규먼트:  --add-opens=java.rmi/sun.rmi.transport=ALL-UNNAMED
03-Jun-2024 09:41:23.479 정보 [main] org.apache.catalina.startup.VersionLoggerListener.log 명령 행 아규먼트:  -Dcatalina.home=/Users/kimyoungjun/Desktop/Coding/Busan/jsp/apache-tomcat-10.1.24
03-Jun-2024 09:41:23.479 정보 [main] org.apache.catalina.startup.VersionLoggerListener.log 명령 행 아규먼트:  -Dcatalina.base=/Users/kimyoungjun/Squeak 복사본(6.2-가입만 분리)
03-Jun-2024 09:41:23.479 정보 [main] org.apache.catalina.startup.VersionLoggerListener.log 명령 행 아규먼트:  -Djava.io.tmpdir=/Users/kimyoungjun/Squeak 복사본(6.2-가입만 분리)/temp
03-Jun-2024 09:41:23.479 정보 [main] org.apache.catalina.startup.VersionLoggerListener.log 명령 행 아규먼트:  -Djava.util.logging.config.file=/Users/kimyoungjun/Squeak 복사본(6.2-가입만 분리)/conf/logging.properties
03-Jun-2024 09:41:23.479 정보 [main] org.apache.catalina.startup.VersionLoggerListener.log 명령 행 아규먼트:  -Djava.util.logging.manager=org.apache.juli.ClassLoaderLogManager
03-Jun-2024 09:41:23.480 정보 [main] org.apache.catalina.startup.VersionLoggerListener.log 명령 행 아규먼트:  -javaagent:/Users/kimyoungjun/Applications/IntelliJ IDEA Ultimate.app/Contents/lib/idea_rt.jar=60299:/Users/kimyoungjun/Applications/IntelliJ IDEA Ultimate.app/Contents/bin
03-Jun-2024 09:41:23.480 정보 [main] org.apache.catalina.startup.VersionLoggerListener.log 명령 행 아규먼트:  -Dfile.encoding=UTF-8
03-Jun-2024 09:41:23.484 정보 [main] org.apache.catalina.core.AprLifecycleListener.lifecycleEvent 프로덕션 환경들에서 최적의 성능을 제공하는, APR 기반 Apache Tomcat Native 라이브러리가, 다음 java.library.path에서 발견되지 않습니다: [/Users/kimyoungjun/Library/Java/Extensions:/Library/Java/Extensions:/Network/Library/Java/Extensions:/System/Library/Java/Extensions:/usr/lib/java:.]
03-Jun-2024 09:41:23.617 정보 [main] org.apache.coyote.AbstractProtocol.init 프로토콜 핸들러 ["http-nio-8080"]을(를) 초기화합니다.
03-Jun-2024 09:41:23.630 정보 [main] org.apache.catalina.startup.Catalina.load [275] 밀리초 내에 서버가 초기화되었습니다.
03-Jun-2024 09:41:23.654 정보 [main] org.apache.catalina.core.StandardService.startInternal 서비스 [Catalina]을(를) 시작합니다.
03-Jun-2024 09:41:23.654 정보 [main] org.apache.catalina.core.StandardEngine.startInternal 서버 엔진을 시작합니다: [Apache Tomcat/10.1.24]
03-Jun-2024 09:41:23.659 정보 [main] org.apache.catalina.startup.HostConfig.deployDescriptor 배치 descriptor [/Users/kimyoungjun/Squeak 복사본(6.2-가입만 분리)/conf/Catalina/localhost/ROOT.xml]을(를) 배치합니다.
03-Jun-2024 09:41:24.134 정보 [main] org.apache.jasper.servlet.TldScanner.scanJars 적어도 하나의 JAR가 TLD들을 찾기 위해 스캔되었으나 아무 것도 찾지 못했습니다. 스캔했으나 TLD가 없는 JAR들의 전체 목록을 보시려면, 로그 레벨을 디버그 레벨로 설정하십시오. 스캔 과정에서 불필요한 JAR들을 건너뛰면, 시스템 시작 시간과 JSP 컴파일 시간을 단축시킬 수 있습니다.
03-Jun-2024 09:41:24.155 정보 [main] org.apache.catalina.startup.HostConfig.deployDescriptor 배치 descriptor [/Users/kimyoungjun/Squeak 복사본(6.2-가입만 분리)/conf/Catalina/localhost/ROOT.xml]의 배치가 [495] 밀리초 내에 완료되었습니다.
03-Jun-2024 09:41:24.156 정보 [main] org.apache.coyote.AbstractProtocol.start 프로토콜 핸들러 ["http-nio-8080"]을(를) 시작합니다.
03-Jun-2024 09:41:24.163 정보 [main] org.apache.catalina.startup.Catalina.start 서버가 [532] 밀리초 내에 시작되었습니다.
03-Jun-2024 09:43:07.270 정보 [Thread-1] org.apache.coyote.AbstractProtocol.pause 프로토콜 핸들러 ["http-nio-8080"]을(를) 일시 정지 중
03-Jun-2024 09:43:07.273 정보 [Thread-1] org.apache.catalina.core.StandardService.stopInternal 서비스 [Catalina]을(를) 중지시킵니다.
03-Jun-2024 09:43:07.279 정보 [Thread-1] org.apache.coyote.AbstractProtocol.stop 프로토콜 핸들러 ["http-nio-8080"]을(를) 중지시킵니다.
03-Jun-2024 09:43:07.283 정보 [Thread-1] org.apache.coyote.AbstractProtocol.destroy 프로토콜 핸들러 ["http-nio-8080"]을(를) 소멸시킵니다.
